<?xml version="1.0" encoding="UTF-8"?>
<testng-results skipped="1" failed="0" total="1" passed="0">
  <reporter-output>
    <line>
      <![CDATA[<div class="featureFile">Feature File: src\test\resources\com\bhanu\googleCalc.feature</div>]]>
    </line>
    <line>
      <![CDATA[<div class="feature">Feature: Check addition in Google calculator</div>]]>
    </line>
    <line>
      <![CDATA[<div class="scenario">Scenario: Addition</div>]]>
    </line>
    <line>
      <![CDATA[<div class="result">Given  I open "http://www.google.com" (passed : 15.28s)</div>]]>
    </line>
    <line>
      <![CDATA[<div class="result">When  I enter "2+2" in search textbox (passed : 0.76s)</div>]]>
    </line>
    <line>
      <![CDATA[<div class="result">Then  I should get result as "4" (passed : 4.57s)</div>]]>
    </line>
    <line>
      <![CDATA[<div class="scenario">Scenario: subtraction</div>]]>
    </line>
    <line>
      <![CDATA[<div class="result">When  I enter "2-2" in search textbox (failed : 0.0s)</div>]]>
    </line>
    <line>
      <![CDATA[<div class="result">Then  I should get result as "0" (skipped)</div>]]>
    </line>
  </reporter-output>
  <suite name="com.bhanu.TestFactory" duration-ms="21447" started-at="2016-12-22T11:40:59Z" finished-at="2016-12-22T11:41:21Z">
    <groups>
    </groups>
    <test name="Command line test" duration-ms="21447" started-at="2016-12-22T11:40:59Z" finished-at="2016-12-22T11:41:21Z">
      <class name="com.cucumber.CucumberTestImpl">
        <test-method status="SKIP" signature="cucumber()[pri:0, instance:com.cucumber.CucumberTestImpl@2cb4c3ab]" test-instance-name="src\test\resources\com\bhanu\googleCalc.feature" name="cucumber" duration-ms="21434" started-at="2016-12-22T17:10:59Z" finished-at="2016-12-22T17:11:21Z">
          <exception class="org.testng.SkipException">
            <message>
              <![CDATA[src\test\resources\com\bhanu\googleCalc.feature skipped with 0 failures, 1 skips, 4 passes]]>
            </message>
            <full-stacktrace>
              <![CDATA[org.testng.SkipException: src\test\resources\com\bhanu\googleCalc.feature skipped with 0 failures, 1 skips, 4 passes
	at com.cucumber.CucumberTestImpl.cucumber(CucumberTestImpl.java:61)
	at sun.reflect.NativeMethodAccessorImpl.invoke0(Native Method)
	at sun.reflect.NativeMethodAccessorImpl.invoke(NativeMethodAccessorImpl.java:62)
	at sun.reflect.DelegatingMethodAccessorImpl.invoke(DelegatingMethodAccessorImpl.java:43)
	at java.lang.reflect.Method.invoke(Method.java:498)
	at org.testng.internal.MethodInvocationHelper.invokeMethod(MethodInvocationHelper.java:84)
	at org.testng.internal.Invoker.invokeMethod(Invoker.java:714)
	at org.testng.internal.Invoker.invokeTestMethod(Invoker.java:901)
	at org.testng.internal.Invoker.invokeTestMethods(Invoker.java:1231)
	at org.testng.internal.TestMethodWorker.invokeTestMethods(TestMethodWorker.java:127)
	at org.testng.internal.TestMethodWorker.run(TestMethodWorker.java:111)
	at org.testng.TestRunner.privateRun(TestRunner.java:767)
	at org.testng.TestRunner.run(TestRunner.java:617)
	at org.testng.SuiteRunner.runTest(SuiteRunner.java:334)
	at org.testng.SuiteRunner.runSequentially(SuiteRunner.java:329)
	at org.testng.SuiteRunner.privateRun(SuiteRunner.java:291)
	at org.testng.SuiteRunner.run(SuiteRunner.java:240)
	at org.testng.SuiteRunnerWorker.runSuite(SuiteRunnerWorker.java:52)
	at org.testng.SuiteRunnerWorker.run(SuiteRunnerWorker.java:86)
	at org.testng.TestNG.runSuitesSequentially(TestNG.java:1224)
	at org.testng.TestNG.runSuitesLocally(TestNG.java:1149)
	at org.testng.TestNG.run(TestNG.java:1057)
	at org.apache.maven.surefire.testng.TestNGExecutor.run(TestNGExecutor.java:77)
	at org.apache.maven.surefire.testng.TestNGDirectoryTestSuite.execute(TestNGDirectoryTestSuite.java:110)
	at org.apache.maven.surefire.testng.TestNGProvider.invoke(TestNGProvider.java:106)
	at sun.reflect.NativeMethodAccessorImpl.invoke0(Native Method)
	at sun.reflect.NativeMethodAccessorImpl.invoke(NativeMethodAccessorImpl.java:62)
	at sun.reflect.DelegatingMethodAccessorImpl.invoke(DelegatingMethodAccessorImpl.java:43)
	at java.lang.reflect.Method.invoke(Method.java:498)
	at org.apache.maven.surefire.util.ReflectionUtils.invokeMethodWithArray(ReflectionUtils.java:189)
	at org.apache.maven.surefire.booter.ProviderFactory$ProviderProxy.invoke(ProviderFactory.java:165)
	at org.apache.maven.surefire.booter.ProviderFactory.invokeProvider(ProviderFactory.java:85)
	at org.apache.maven.surefire.booter.ForkedBooter.runSuitesInProcess(ForkedBooter.java:115)
	at org.apache.maven.surefire.booter.ForkedBooter.main(ForkedBooter.java:75)
]]>
            </full-stacktrace>
          </exception> <!-- org.testng.SkipException -->
          <reporter-output>
            <line>
              <![CDATA[<div class="featureFile">Feature File: src\test\resources\com\bhanu\googleCalc.feature</div>]]>
            </line>
            <line>
              <![CDATA[<div class="feature">Feature: Check addition in Google calculator</div>]]>
            </line>
            <line>
              <![CDATA[<div class="scenario">Scenario: Addition</div>]]>
            </line>
            <line>
              <![CDATA[<div class="result">Given  I open "http://www.google.com" (passed : 15.28s)</div>]]>
            </line>
            <line>
              <![CDATA[<div class="result">When  I enter "2+2" in search textbox (passed : 0.76s)</div>]]>
            </line>
            <line>
              <![CDATA[<div class="result">Then  I should get result as "4" (passed : 4.57s)</div>]]>
            </line>
            <line>
              <![CDATA[<div class="scenario">Scenario: subtraction</div>]]>
            </line>
            <line>
              <![CDATA[<div class="result">When  I enter "2-2" in search textbox (failed : 0.0s)</div>]]>
            </line>
            <line>
              <![CDATA[<div class="result">Then  I should get result as "0" (skipped)</div>]]>
            </line>
          </reporter-output>
        </test-method> <!-- cucumber -->
      </class> <!-- com.cucumber.CucumberTestImpl -->
    </test> <!-- Command line test -->
  </suite> <!-- com.bhanu.TestFactory -->
</testng-results>
