<?xml version="1.0" encoding="UTF-8"?>
<testng-results skipped="0" failed="1" total="1" passed="0">
  <reporter-output>
    <line>
      <![CDATA[<div class="featureFile">Feature File: src\test\resources\com\bhanu\tester.feature</div>]]>
    </line>
    <line>
      <![CDATA[<div class="feature">Feature: Life of IT Tester</div>]]>
    </line>
    <line>
      <![CDATA[<div class="scenario">Scenario: I am a bad tester</div>]]>
    </line>
    <line>
      <![CDATA[<div class="result">Given  I am a "bad" tester (undefined)</div>]]>
    </line>
    <line>
      <![CDATA[<div class="result">When  I go to work (skipped)</div>]]>
    </line>
    <line>
      <![CDATA[<div class="result">Then  I "mess" it (undefined)</div>]]>
    </line>
    <line>
      <![CDATA[<div class="result">And  My boss "fires" me (undefined)</div>]]>
    </line>
    <line>
      <![CDATA[<div class="result">But  The developer "likes" me (undefined)</div>]]>
    </line>
    <line>
      <![CDATA[<div class="scenario">Scenario: I am a good tester</div>]]>
    </line>
    <line>
      <![CDATA[<div class="result">Given  I am a "good" tester (undefined)</div>]]>
    </line>
    <line>
      <![CDATA[<div class="result">When  I go to work (skipped)</div>]]>
    </line>
    <line>
      <![CDATA[<div class="result">Then  I "complete" it (undefined)</div>]]>
    </line>
    <line>
      <![CDATA[<div class="result">And  My boss "salutes" me (undefined)</div>]]>
    </line>
    <line>
      <![CDATA[<div class="result">But  The developer "hates" me (undefined)</div>]]>
    </line>
  </reporter-output>
  <suite name="Default suite" duration-ms="1184" started-at="2017-05-05T07:42:43Z" finished-at="2017-05-05T07:42:44Z">
    <groups>
    </groups>
    <test name="Default test" duration-ms="1184" started-at="2017-05-05T07:42:43Z" finished-at="2017-05-05T07:42:44Z">
      <class name="com.cucumber.CucumberTestImpl">
        <test-method status="FAIL" signature="cucumber()[pri:0, instance:com.cucumber.CucumberTestImpl@146ba0ac]" test-instance-name="src\test\resources\com\bhanu\tester.feature" name="cucumber" duration-ms="1156" started-at="2017-05-05T13:12:43Z" finished-at="2017-05-05T13:12:44Z">
          <exception class="java.lang.AssertionError">
            <message>
              <![CDATA[src\test\resources\com\bhanu\tester.feature failed with 8 failures, 2 skips, 0 passes]]>
            </message>
            <full-stacktrace>
              <![CDATA[java.lang.AssertionError: src\test\resources\com\bhanu\tester.feature failed with 8 failures, 2 skips, 0 passes
	at org.testng.Assert.fail(Assert.java:94)
	at com.cucumber.CucumberTestImpl.cucumber(CucumberTestImpl.java:58)
	at sun.reflect.NativeMethodAccessorImpl.invoke0(Native Method)
	at sun.reflect.NativeMethodAccessorImpl.invoke(NativeMethodAccessorImpl.java:62)
	at sun.reflect.DelegatingMethodAccessorImpl.invoke(DelegatingMethodAccessorImpl.java:43)
	at java.lang.reflect.Method.invoke(Method.java:498)
	at org.testng.internal.MethodInvocationHelper.invokeMethod(MethodInvocationHelper.java:84)
	at org.testng.internal.Invoker.invokeMethod(Invoker.java:714)
	at org.testng.internal.Invoker.invokeTestMethod(Invoker.java:901)
	at org.testng.internal.Invoker.invokeTestMethods(Invoker.java:1231)
	at org.testng.internal.TestMethodWorker.invokeTestMethods(TestMethodWorker.java:127)
	at org.testng.internal.TestMethodWorker.run(TestMethodWorker.java:111)
	at org.testng.TestRunner.privateRun(TestRunner.java:767)
	at org.testng.TestRunner.run(TestRunner.java:617)
	at org.testng.SuiteRunner.runTest(SuiteRunner.java:334)
	at org.testng.SuiteRunner.runSequentially(SuiteRunner.java:329)
	at org.testng.SuiteRunner.privateRun(SuiteRunner.java:291)
	at org.testng.SuiteRunner.run(SuiteRunner.java:240)
	at org.testng.SuiteRunnerWorker.runSuite(SuiteRunnerWorker.java:52)
	at org.testng.SuiteRunnerWorker.run(SuiteRunnerWorker.java:86)
	at org.testng.TestNG.runSuitesSequentially(TestNG.java:1224)
	at org.testng.TestNG.runSuitesLocally(TestNG.java:1149)
	at org.testng.TestNG.run(TestNG.java:1057)
	at org.testng.remote.AbstractRemoteTestNG.run(AbstractRemoteTestNG.java:132)
	at org.testng.remote.RemoteTestNG.initAndRun(RemoteTestNG.java:236)
	at org.testng.remote.RemoteTestNG.main(RemoteTestNG.java:81)
]]>
            </full-stacktrace>
          </exception> <!-- java.lang.AssertionError -->
          <reporter-output>
            <line>
              <![CDATA[<div class="featureFile">Feature File: src\test\resources\com\bhanu\tester.feature</div>]]>
            </line>
            <line>
              <![CDATA[<div class="feature">Feature: Life of IT Tester</div>]]>
            </line>
            <line>
              <![CDATA[<div class="scenario">Scenario: I am a bad tester</div>]]>
            </line>
            <line>
              <![CDATA[<div class="result">Given  I am a "bad" tester (undefined)</div>]]>
            </line>
            <line>
              <![CDATA[<div class="result">When  I go to work (skipped)</div>]]>
            </line>
            <line>
              <![CDATA[<div class="result">Then  I "mess" it (undefined)</div>]]>
            </line>
            <line>
              <![CDATA[<div class="result">And  My boss "fires" me (undefined)</div>]]>
            </line>
            <line>
              <![CDATA[<div class="result">But  The developer "likes" me (undefined)</div>]]>
            </line>
            <line>
              <![CDATA[<div class="scenario">Scenario: I am a good tester</div>]]>
            </line>
            <line>
              <![CDATA[<div class="result">Given  I am a "good" tester (undefined)</div>]]>
            </line>
            <line>
              <![CDATA[<div class="result">When  I go to work (skipped)</div>]]>
            </line>
            <line>
              <![CDATA[<div class="result">Then  I "complete" it (undefined)</div>]]>
            </line>
            <line>
              <![CDATA[<div class="result">And  My boss "salutes" me (undefined)</div>]]>
            </line>
            <line>
              <![CDATA[<div class="result">But  The developer "hates" me (undefined)</div>]]>
            </line>
          </reporter-output>
        </test-method> <!-- cucumber -->
      </class> <!-- com.cucumber.CucumberTestImpl -->
    </test> <!-- Default test -->
  </suite> <!-- Default suite -->
</testng-results>
